<?xml version="1.0" encoding="UTF-8"?>
<!-- Generated by org.testng.reporters.JUnitReportReporter -->
<testsuite hostname="MAC16738" name="runnerpkg.Runner" tests="1" failures="0" timestamp="19 Jun 2021 03:59:22 GMT" time="1.375" errors="0">
  <testcase name="runScenario" time="1.375" classname="runnerpkg.Runner"/>
</testsuite> <!-- runnerpkg.Runner -->
