<?xml version="1.0" encoding="UTF-8"?>
<!-- Generated by org.testng.reporters.JUnitReportReporter -->
<testsuite hostname="MAC16738" name="com.qa.runnerpkg.Runner" tests="3" failures="0" timestamp="19 Jun 2021 09:14:07 GMT" time="3.153" errors="0">
  <testcase name="runScenario" time="0.680" classname="com.qa.runnerpkg.Runner"/>
  <testcase name="runScenario" time="0.724" classname="com.qa.runnerpkg.Runner"/>
  <testcase name="runScenario" time="1.749" classname="com.qa.runnerpkg.Runner"/>
</testsuite> <!-- com.qa.runnerpkg.Runner -->
